  [1m[35m (0.6ms)[0m  [1m[34mSELECT sqlite_version(*)[0m
  [1m[35m (2.5ms)[0m  [1m[35mCREATE TABLE "schema_migrations" ("version" varchar NOT NULL PRIMARY KEY)[0m
  [1m[35m (2.1ms)[0m  [1m[35mCREATE TABLE "ar_internal_metadata" ("key" varchar NOT NULL PRIMARY KEY, "value" varchar, "created_at" datetime(6) NOT NULL, "updated_at" datetime(6) NOT NULL)[0m
  [1m[35m (0.2ms)[0m  [1m[34mSELECT "schema_migrations"."version" FROM "schema_migrations" ORDER BY "schema_migrations"."version" ASC[0m
Migrating to CreateFriends (20200924145500)
  [1m[35m (0.0ms)[0m  [1m[36mbegin transaction[0m
  [1m[35m (0.2ms)[0m  [1m[35mCREATE TABLE "friends" ("id" integer PRIMARY KEY AUTOINCREMENT NOT NULL, "first_name" varchar, "last_name" varchar, "email" varchar, "phone" varchar, "twitter" varchar, "created_at" datetime(6) NOT NULL, "updated_at" datetime(6) NOT NULL)[0m
  [1m[36mActiveRecord::SchemaMigration Create (0.1ms)[0m  [1m[32mINSERT INTO "schema_migrations" ("version") VALUES (?)[0m  [["version", "20200924145500"]]
  [1m[35m (2.0ms)[0m  [1m[36mcommit transaction[0m
Migrating to DeviseCreateUsers (20201001144907)
  [1m[35m (0.0ms)[0m  [1m[36mbegin transaction[0m
  [1m[35m (0.1ms)[0m  [1m[35mCREATE TABLE "users" ("id" integer PRIMARY KEY AUTOINCREMENT NOT NULL, "email" varchar DEFAULT '' NOT NULL, "encrypted_password" varchar DEFAULT '' NOT NULL, "reset_password_token" varchar, "reset_password_sent_at" datetime, "remember_created_at" datetime, "created_at" datetime(6) NOT NULL, "updated_at" datetime(6) NOT NULL)[0m
  [1m[35m (0.1ms)[0m  [1m[35mCREATE UNIQUE INDEX "index_users_on_email" ON "users" ("email")[0m
  [1m[35m (0.1ms)[0m  [1m[35mCREATE UNIQUE INDEX "index_users_on_reset_password_token" ON "users" ("reset_password_token")[0m
  [1m[36mActiveRecord::SchemaMigration Create (0.1ms)[0m  [1m[32mINSERT INTO "schema_migrations" ("version") VALUES (?)[0m  [["version", "20201001144907"]]
  [1m[35m (2.0ms)[0m  [1m[36mcommit transaction[0m
Migrating to AddUserIdToFriends (20201008153902)
  [1m[35m (0.0ms)[0m  [1m[36mbegin transaction[0m
  [1m[35m (0.2ms)[0m  [1m[35mALTER TABLE "friends" ADD "user_id" integer[0m
  [1m[35m (0.1ms)[0m  [1m[35mCREATE  INDEX "index_friends_on_user_id" ON "friends" ("user_id")[0m
  [1m[36mActiveRecord::SchemaMigration Create (0.1ms)[0m  [1m[32mINSERT INTO "schema_migrations" ("version") VALUES (?)[0m  [["version", "20201008153902"]]
  [1m[35m (2.3ms)[0m  [1m[36mcommit transaction[0m
Migrating to CreateF1s (20211006114340)
  [1m[35m (0.0ms)[0m  [1m[36mbegin transaction[0m
  [1m[35m (0.2ms)[0m  [1m[35mCREATE TABLE "f1s" ("id" integer PRIMARY KEY AUTOINCREMENT NOT NULL, "Name" varchar, "Email" varchar, "phone" varchar, "created_at" datetime(6) NOT NULL, "updated_at" datetime(6) NOT NULL)[0m
  [1m[36mActiveRecord::SchemaMigration Create (0.1ms)[0m  [1m[32mINSERT INTO "schema_migrations" ("version") VALUES (?)[0m  [["version", "20211006114340"]]
  [1m[35m (1.8ms)[0m  [1m[36mcommit transaction[0m
  [1m[36mActiveRecord::InternalMetadata Load (0.1ms)[0m  [1m[34mSELECT "ar_internal_metadata".* FROM "ar_internal_metadata" WHERE "ar_internal_metadata"."key" = ? LIMIT ?[0m  [["key", "environment"], ["LIMIT", 1]]
  [1m[35m (0.1ms)[0m  [1m[36mbegin transaction[0m
  [1m[36mActiveRecord::InternalMetadata Create (0.1ms)[0m  [1m[32mINSERT INTO "ar_internal_metadata" ("key", "value", "created_at", "updated_at") VALUES (?, ?, ?, ?)[0m  [["key", "environment"], ["value", "development"], ["created_at", "2021-10-06 11:44:10.711899"], ["updated_at", "2021-10-06 11:44:10.711899"]]
  [1m[35m (1.6ms)[0m  [1m[36mcommit transaction[0m
  [1m[35m (0.0ms)[0m  [1m[34mSELECT sqlite_version(*)[0m
  [1m[35m (0.0ms)[0m  [1m[34mSELECT "schema_migrations"."version" FROM "schema_migrations" ORDER BY "schema_migrations"."version" ASC[0m
Started GET "/" for ::1 at 2021-10-06 17:14:58 +0530
  [1m[35m (0.3ms)[0m  [1m[34mSELECT sqlite_version(*)[0m
  [1m[35m (0.1ms)[0m  [1m[34mSELECT "schema_migrations"."version" FROM "schema_migrations" ORDER BY "schema_migrations"."version" ASC[0m
Processing by FriendsController#index as HTML
  Rendering friends/index.html.erb within layouts/application
  Rendered friends/index.html.erb within layouts/application (Duration: 1.6ms | Allocations: 863)
[Webpacker] Compiling...
[Webpacker] Compiled all packs in /home/dell/Pract_project/railsfriends/public/packs
[Webpacker] Browserslist: caniuse-lite is outdated. Please run:
npx browserslist@latest --update-db

Why you should do it regularly:
https://github.com/browserslist/browserslist#browsers-data-updating

[Webpacker] Hash: 15d1bb7b54cf6326b9ba
Version: webpack 4.44.1
Time: 889ms
Built at: 06/10/2021 5:15:00 pm
                                     Asset       Size       Chunks                         Chunk Names
    js/application-9afcbb5693aa87623e69.js    124 KiB  application  [emitted] [immutable]  application
js/application-9afcbb5693aa87623e69.js.map    139 KiB  application  [emitted] [dev]        application
                             manifest.json  364 bytes               [emitted]              
Entrypoint application = js/application-9afcbb5693aa87623e69.js js/application-9afcbb5693aa87623e69.js.map
[./app/javascript/channels sync recursive _channel\.js$] ./app/javascript/channels sync _channel\.js$ 160 bytes {application} [built]
[./app/javascript/channels/index.js] 211 bytes {application} [built]
[./app/javascript/packs/application.js] 749 bytes {application} [built]
[./node_modules/webpack/buildin/module.js] (webpack)/buildin/module.js 552 bytes {application} [built]
    + 3 hidden modules

  Rendered home/_header.html.erb (Duration: 0.5ms | Allocations: 590)
Completed 200 OK in 1607ms (Views: 1601.9ms | ActiveRecord: 0.0ms | Allocations: 31021)


Started GET "/home/about" for ::1 at 2021-10-06 17:18:57 +0530
Processing by HomeController#about as HTML
  Rendering home/about.html.erb within layouts/application
  Rendered home/about.html.erb within layouts/application (Duration: 0.3ms | Allocations: 146)
[Webpacker] Everything's up-to-date. Nothing to do
  Rendered home/_header.html.erb (Duration: 0.3ms | Allocations: 285)
Completed 200 OK in 6ms (Views: 4.5ms | ActiveRecord: 0.0ms | Allocations: 5276)


Started GET "/users/sign_up" for ::1 at 2021-10-06 17:18:59 +0530
Processing by Devise::RegistrationsController#new as HTML
  Rendering devise/registrations/new.html.erb within layouts/application
  Rendered devise/shared/_error_messages.html.erb (Duration: 0.3ms | Allocations: 229)
  Rendered devise/shared/_links.html.erb (Duration: 0.5ms | Allocations: 559)
  Rendered devise/registrations/new.html.erb within layouts/application (Duration: 8.2ms | Allocations: 8939)
[Webpacker] Everything's up-to-date. Nothing to do
  Rendered home/_header.html.erb (Duration: 0.2ms | Allocations: 217)
Completed 200 OK in 25ms (Views: 20.0ms | ActiveRecord: 0.3ms | Allocations: 19566)


Started GET "/users/sign_in" for ::1 at 2021-10-06 17:19:00 +0530
Processing by Devise::SessionsController#new as HTML
  Rendering devise/sessions/new.html.erb within layouts/application
  Rendered devise/shared/_links.html.erb (Duration: 0.2ms | Allocations: 237)
  Rendered devise/sessions/new.html.erb within layouts/application (Duration: 3.1ms | Allocations: 2270)
[Webpacker] Everything's up-to-date. Nothing to do
  Rendered home/_header.html.erb (Duration: 0.2ms | Allocations: 217)
Completed 200 OK in 10ms (Views: 7.3ms | ActiveRecord: 0.0ms | Allocations: 8035)


Started GET "/" for ::1 at 2021-10-06 17:19:01 +0530
Processing by FriendsController#index as HTML
  Rendering friends/index.html.erb within layouts/application
  Rendered friends/index.html.erb within layouts/application (Duration: 0.2ms | Allocations: 90)
[Webpacker] Everything's up-to-date. Nothing to do
  Rendered home/_header.html.erb (Duration: 0.4ms | Allocations: 174)
Completed 200 OK in 7ms (Views: 6.0ms | ActiveRecord: 0.0ms | Allocations: 3930)


Started GET "/" for ::1 at 2021-10-06 18:22:01 +0530
  [1m[35m (0.1ms)[0m  [1m[34mSELECT sqlite_version(*)[0m
Processing by FriendsController#index as HTML
  Rendering friends/index.html.erb within layouts/application
  Rendered friends/index.html.erb within layouts/application (Duration: 0.3ms | Allocations: 82)
[Webpacker] Everything's up-to-date. Nothing to do
  Rendered home/_header.html.erb (Duration: 0.3ms | Allocations: 174)
Completed 200 OK in 9ms (Views: 7.6ms | ActiveRecord: 0.0ms | Allocations: 3813)


Started GET "/" for ::1 at 2021-10-06 18:24:55 +0530
  [1m[35m (0.3ms)[0m  [1m[34mSELECT sqlite_version(*)[0m
  [1m[35m (0.1ms)[0m  [1m[34mSELECT "schema_migrations"."version" FROM "schema_migrations" ORDER BY "schema_migrations"."version" ASC[0m
Processing by FriendsController#index as HTML
  Rendering friends/index.html.erb within layouts/application
  Rendered friends/index.html.erb within layouts/application (Duration: 2.1ms | Allocations: 755)
[Webpacker] Everything's up-to-date. Nothing to do
  Rendered home/_header.html.erb (Duration: 0.6ms | Allocations: 590)
Completed 200 OK in 15ms (Views: 11.4ms | ActiveRecord: 0.0ms | Allocations: 12430)


Started GET "/friends" for ::1 at 2021-10-06 18:25:16 +0530
Processing by FriendsController#index as HTML
  Rendering friends/index.html.erb within layouts/application
  Rendered friends/index.html.erb within layouts/application (Duration: 0.1ms | Allocations: 105)
[Webpacker] Everything's up-to-date. Nothing to do
  Rendered home/_header.html.erb (Duration: 0.3ms | Allocations: 186)
Completed 200 OK in 5ms (Views: 4.3ms | ActiveRecord: 0.0ms | Allocations: 4130)


Started GET "/friends/" for ::1 at 2021-10-06 18:25:19 +0530
Processing by FriendsController#index as HTML
  Rendering friends/index.html.erb within layouts/application
  Rendered friends/index.html.erb within layouts/application (Duration: 0.2ms | Allocations: 83)
[Webpacker] Everything's up-to-date. Nothing to do
  Rendered home/_header.html.erb (Duration: 0.2ms | Allocations: 174)
Completed 200 OK in 5ms (Views: 3.7ms | ActiveRecord: 0.0ms | Allocations: 3846)


Started GET "/" for ::1 at 2021-10-06 18:25:28 +0530
Processing by FriendsController#index as HTML
  Rendering friends/index.html.erb within layouts/application
  Rendered friends/index.html.erb within layouts/application (Duration: 0.4ms | Allocations: 83)
[Webpacker] Everything's up-to-date. Nothing to do
  Rendered home/_header.html.erb (Duration: 0.3ms | Allocations: 174)
Completed 200 OK in 10ms (Views: 8.8ms | ActiveRecord: 0.0ms | Allocations: 3840)


Started GET "/" for ::1 at 2021-10-06 18:25:29 +0530
Processing by FriendsController#index as HTML
  Rendering friends/index.html.erb within layouts/application
  Rendered friends/index.html.erb within layouts/application (Duration: 0.1ms | Allocations: 82)
[Webpacker] Everything's up-to-date. Nothing to do
  Rendered home/_header.html.erb (Duration: 0.3ms | Allocations: 174)
Completed 200 OK in 4ms (Views: 3.8ms | ActiveRecord: 0.0ms | Allocations: 3829)


Started GET "/home/about" for ::1 at 2021-10-06 18:25:30 +0530
Processing by HomeController#about as HTML
  Rendering home/about.html.erb within layouts/application
  Rendered home/about.html.erb within layouts/application (Duration: 0.2ms | Allocations: 146)
[Webpacker] Everything's up-to-date. Nothing to do
  Rendered home/_header.html.erb (Duration: 0.3ms | Allocations: 285)
Completed 200 OK in 6ms (Views: 4.7ms | ActiveRecord: 0.0ms | Allocations: 5238)


Started GET "/users/sign_up" for ::1 at 2021-10-06 18:25:31 +0530
Processing by Devise::RegistrationsController#new as HTML
  Rendering devise/registrations/new.html.erb within layouts/application
  Rendered devise/shared/_error_messages.html.erb (Duration: 0.2ms | Allocations: 229)
  Rendered devise/shared/_links.html.erb (Duration: 0.4ms | Allocations: 559)
  Rendered devise/registrations/new.html.erb within layouts/application (Duration: 4.2ms | Allocations: 5580)
[Webpacker] Everything's up-to-date. Nothing to do
  Rendered home/_header.html.erb (Duration: 0.2ms | Allocations: 217)
Completed 200 OK in 16ms (Views: 8.8ms | ActiveRecord: 0.5ms | Allocations: 16197)


Started GET "/users/sign_in" for ::1 at 2021-10-06 18:25:32 +0530
Processing by Devise::SessionsController#new as HTML
  Rendering devise/sessions/new.html.erb within layouts/application
  Rendered devise/shared/_links.html.erb (Duration: 0.3ms | Allocations: 237)
  Rendered devise/sessions/new.html.erb within layouts/application (Duration: 3.3ms | Allocations: 2082)
[Webpacker] Everything's up-to-date. Nothing to do
  Rendered home/_header.html.erb (Duration: 0.2ms | Allocations: 217)
Completed 200 OK in 10ms (Views: 8.3ms | ActiveRecord: 0.0ms | Allocations: 7625)


Started GET "/users/sign_up" for ::1 at 2021-10-06 18:25:35 +0530
Processing by Devise::RegistrationsController#new as HTML
  Rendering devise/registrations/new.html.erb within layouts/application
  Rendered devise/shared/_error_messages.html.erb (Duration: 0.1ms | Allocations: 16)
  Rendered devise/shared/_links.html.erb (Duration: 0.3ms | Allocations: 81)
  Rendered devise/registrations/new.html.erb within layouts/application (Duration: 3.0ms | Allocations: 1116)
[Webpacker] Everything's up-to-date. Nothing to do
  Rendered home/_header.html.erb (Duration: 0.3ms | Allocations: 180)
Completed 200 OK in 10ms (Views: 8.6ms | ActiveRecord: 0.0ms | Allocations: 5113)


Started POST "/users" for ::1 at 2021-10-06 18:25:51 +0530
Processing by Devise::RegistrationsController#create as HTML
  Parameters: {"authenticity_token"=>"SKqAfMVpucE4OmffLU+seT0wVlzgDIef8nvmjRqHbEbAKthTDLVFRb0PhKNpP4adEILXbd0edbK1TNKHFBsx4w==", "user"=>{"email"=>"sid@gmail.com", "password"=>"[FILTERED]", "password_confirmation"=>"[FILTERED]"}, "commit"=>"Sign up"}
  [1m[35m (0.0ms)[0m  [1m[36mbegin transaction[0m
  [1m[36mUser Exists? (0.1ms)[0m  [1m[34mSELECT 1 AS one FROM "users" WHERE "users"."email" = ? LIMIT ?[0m  [["email", "sid@gmail.com"], ["LIMIT", 1]]
  [1m[35m (0.0ms)[0m  [1m[31mrollback transaction[0m
  Rendering devise/registrations/new.html.erb within layouts/application
  Rendered devise/shared/_error_messages.html.erb (Duration: 0.4ms | Allocations: 252)
  Rendered devise/shared/_links.html.erb (Duration: 0.2ms | Allocations: 82)
  Rendered devise/registrations/new.html.erb within layouts/application (Duration: 2.0ms | Allocations: 1426)
[Webpacker] Everything's up-to-date. Nothing to do
  Rendered home/_header.html.erb (Duration: 0.2ms | Allocations: 197)
Completed 200 OK in 217ms (Views: 14.7ms | ActiveRecord: 0.2ms | Allocations: 15832)


Started POST "/users" for ::1 at 2021-10-06 18:26:02 +0530
Processing by Devise::RegistrationsController#create as HTML
  Parameters: {"authenticity_token"=>"/VZnogU/FwDxbecfXWCcOLuqX4xGBy/twFLHGM/rVx9PkgVTaEeWs14BHNrgl7+zejgEIOX1IisGpdPkMbuJyA==", "user"=>{"email"=>"siddhant@gmail.com", "password"=>"[FILTERED]", "password_confirmation"=>"[FILTERED]"}, "commit"=>"Sign up"}
  [1m[35m (0.1ms)[0m  [1m[36mbegin transaction[0m
  [1m[36mUser Exists? (0.1ms)[0m  [1m[34mSELECT 1 AS one FROM "users" WHERE "users"."email" = ? LIMIT ?[0m  [["email", "siddhant@gmail.com"], ["LIMIT", 1]]
  [1m[36mUser Create (0.1ms)[0m  [1m[32mINSERT INTO "users" ("email", "encrypted_password", "created_at", "updated_at") VALUES (?, ?, ?, ?)[0m  [["email", "siddhant@gmail.com"], ["encrypted_password", "$2a$12$ywdECAt3hdrhOyKW2wKjQO6ni9c2W9BLWAJyZ218GHxp8jtvZ.bj."], ["created_at", "2021-10-06 12:56:02.946650"], ["updated_at", "2021-10-06 12:56:02.946650"]]
  [1m[35m (1.5ms)[0m  [1m[36mcommit transaction[0m
Redirected to http://localhost:3000/
Completed 302 Found in 207ms (ActiveRecord: 1.8ms | Allocations: 8077)


Started GET "/" for ::1 at 2021-10-06 18:26:02 +0530
Processing by FriendsController#index as HTML
  Rendering friends/index.html.erb within layouts/application
  [1m[36mUser Load (0.1ms)[0m  [1m[34mSELECT "users".* FROM "users" WHERE "users"."id" = ? ORDER BY "users"."id" ASC LIMIT ?[0m  [["id", 1], ["LIMIT", 1]]
  ↳ app/views/friends/index.html.erb:3
  [1m[36mFriend Load (0.1ms)[0m  [1m[34mSELECT "friends".* FROM "friends"[0m
  ↳ app/views/friends/index.html.erb:17
  Rendered friends/index.html.erb within layouts/application (Duration: 2.3ms | Allocations: 2278)
[Webpacker] Everything's up-to-date. Nothing to do
  Rendered home/_header.html.erb (Duration: 0.1ms | Allocations: 185)
  Rendered layouts/_alerts.html.erb (Duration: 0.2ms | Allocations: 123)
Completed 200 OK in 7ms (Views: 6.0ms | ActiveRecord: 0.3ms | Allocations: 6433)


Started GET "/friends/new" for ::1 at 2021-10-06 18:26:10 +0530
Processing by FriendsController#new as HTML
  [1m[36mUser Load (0.2ms)[0m  [1m[34mSELECT "users".* FROM "users" WHERE "users"."id" = ? ORDER BY "users"."id" ASC LIMIT ?[0m  [["id", 1], ["LIMIT", 1]]
  Rendering friends/new.html.erb within layouts/application
  Rendered friends/_form.html.erb (Duration: 1.9ms | Allocations: 1815)
  Rendered friends/new.html.erb within layouts/application (Duration: 2.5ms | Allocations: 2208)
[Webpacker] Everything's up-to-date. Nothing to do
  Rendered home/_header.html.erb (Duration: 0.1ms | Allocations: 169)
Completed 200 OK in 30ms (Views: 5.4ms | ActiveRecord: 0.4ms | Allocations: 20417)


Started POST "/friends" for ::1 at 2021-10-06 18:26:37 +0530
Processing by FriendsController#create as HTML
  Parameters: {"authenticity_token"=>"5D8ENqaG2ovFpLitOPxFC2aNCkZ6Hh92qflkpf2gl8GxNXIFfUS+cEnizSvKVs1/sUAH3CL4SJ3b/3S6gMXTPw==", "friend"=>{"first_name"=>"s", "last_name"=>"d", "email"=>"s@gmail.com", "phone"=>"9999999999", "twitter"=>"", "user_id"=>"1"}, "commit"=>"Create Friend"}
  [1m[36mUser Load (0.1ms)[0m  [1m[34mSELECT "users".* FROM "users" WHERE "users"."id" = ? ORDER BY "users"."id" ASC LIMIT ?[0m  [["id", 1], ["LIMIT", 1]]
  [1m[35m (0.0ms)[0m  [1m[36mbegin transaction[0m
  ↳ app/controllers/friends_controller.rb:33:in `block in create'
  [1m[36mFriend Create (0.1ms)[0m  [1m[32mINSERT INTO "friends" ("first_name", "last_name", "email", "phone", "twitter", "created_at", "updated_at", "user_id") VALUES (?, ?, ?, ?, ?, ?, ?, ?)[0m  [["first_name", "s"], ["last_name", "d"], ["email", "s@gmail.com"], ["phone", "9999999999"], ["twitter", ""], ["created_at", "2021-10-06 12:56:37.264461"], ["updated_at", "2021-10-06 12:56:37.264461"], ["user_id", 1]]
  ↳ app/controllers/friends_controller.rb:33:in `block in create'
  [1m[35m (1.3ms)[0m  [1m[36mcommit transaction[0m
  ↳ app/controllers/friends_controller.rb:33:in `block in create'
Redirected to http://localhost:3000/friends/1
Completed 302 Found in 6ms (ActiveRecord: 1.6ms | Allocations: 5178)


Started GET "/friends/1" for ::1 at 2021-10-06 18:26:37 +0530
Processing by FriendsController#show as HTML
  Parameters: {"id"=>"1"}
  [1m[36mFriend Load (0.2ms)[0m  [1m[34mSELECT "friends".* FROM "friends" WHERE "friends"."id" = ? LIMIT ?[0m  [["id", 1], ["LIMIT", 1]]
  ↳ app/controllers/friends_controller.rb:77:in `set_friend'
  Rendering friends/show.html.erb within layouts/application
  Rendered friends/show.html.erb within layouts/application (Duration: 0.6ms | Allocations: 430)
[Webpacker] Everything's up-to-date. Nothing to do
  [1m[36mUser Load (0.1ms)[0m  [1m[34mSELECT "users".* FROM "users" WHERE "users"."id" = ? ORDER BY "users"."id" ASC LIMIT ?[0m  [["id", 1], ["LIMIT", 1]]
  ↳ app/views/home/_header.html.erb:19
  Rendered home/_header.html.erb (Duration: 1.2ms | Allocations: 1058)
  Rendered layouts/_alerts.html.erb (Duration: 0.0ms | Allocations: 11)
Completed 200 OK in 7ms (Views: 4.6ms | ActiveRecord: 0.2ms | Allocations: 6117)


Started GET "/friends" for ::1 at 2021-10-06 18:26:41 +0530
Processing by FriendsController#index as HTML
  Rendering friends/index.html.erb within layouts/application
  [1m[36mUser Load (0.2ms)[0m  [1m[34mSELECT "users".* FROM "users" WHERE "users"."id" = ? ORDER BY "users"."id" ASC LIMIT ?[0m  [["id", 1], ["LIMIT", 1]]
  ↳ app/views/friends/index.html.erb:3
  [1m[36mFriend Load (0.1ms)[0m  [1m[34mSELECT "friends".* FROM "friends"[0m
  ↳ app/views/friends/index.html.erb:17
  [1m[36mUser Load (0.2ms)[0m  [1m[34mSELECT "users".* FROM "users" WHERE "users"."id" = ? LIMIT ?[0m  [["id", 1], ["LIMIT", 1]]
  ↳ app/views/friends/index.html.erb:18
  Rendered friends/index.html.erb within layouts/application (Duration: 6.6ms | Allocations: 2696)
[Webpacker] Everything's up-to-date. Nothing to do
  Rendered home/_header.html.erb (Duration: 0.2ms | Allocations: 169)
Completed 200 OK in 14ms (Views: 12.5ms | ActiveRecord: 0.5ms | Allocations: 6449)


Started GET "/users/edit" for ::1 at 2021-10-06 18:27:08 +0530
Processing by Devise::RegistrationsController#edit as HTML
  [1m[36mUser Load (0.1ms)[0m  [1m[34mSELECT "users".* FROM "users" WHERE "users"."id" = ? ORDER BY "users"."id" ASC LIMIT ?[0m  [["id", 1], ["LIMIT", 1]]
  Rendering devise/registrations/edit.html.erb within layouts/application
  Rendered devise/shared/_error_messages.html.erb (Duration: 0.0ms | Allocations: 15)
  Rendered devise/registrations/edit.html.erb within layouts/application (Duration: 2.1ms | Allocations: 2046)
[Webpacker] Everything's up-to-date. Nothing to do
  Rendered home/_header.html.erb (Duration: 0.2ms | Allocations: 182)
Completed 200 OK in 8ms (Views: 5.5ms | ActiveRecord: 0.1ms | Allocations: 7417)


Started DELETE "/users/sign_out" for ::1 at 2021-10-06 18:27:12 +0530
Processing by Devise::SessionsController#destroy as HTML
  Parameters: {"authenticity_token"=>"hpgR+QbAQbpLQIkl3y6I1enJBuQFepjtkdU0b5zUKXg0XHMIa7jACeQscuBi2ateKFtdSKaIlStXIiCTYoT3rw=="}
  [1m[36mUser Load (0.2ms)[0m  [1m[34mSELECT "users".* FROM "users" WHERE "users"."id" = ? ORDER BY "users"."id" ASC LIMIT ?[0m  [["id", 1], ["LIMIT", 1]]
Redirected to http://localhost:3000/
Completed 302 Found in 15ms (ActiveRecord: 0.2ms | Allocations: 5578)


Started GET "/" for ::1 at 2021-10-06 18:27:12 +0530
Processing by FriendsController#index as HTML
  Rendering friends/index.html.erb within layouts/application
  Rendered friends/index.html.erb within layouts/application (Duration: 0.1ms | Allocations: 98)
[Webpacker] Everything's up-to-date. Nothing to do
  Rendered home/_header.html.erb (Duration: 0.2ms | Allocations: 177)
  Rendered layouts/_alerts.html.erb (Duration: 0.0ms | Allocations: 12)
Completed 200 OK in 4ms (Views: 3.2ms | ActiveRecord: 0.0ms | Allocations: 4153)


Started GET "/users/sign_in" for ::1 at 2021-10-06 18:27:14 +0530
Processing by Devise::SessionsController#new as HTML
  Rendering devise/sessions/new.html.erb within layouts/application
  Rendered devise/shared/_links.html.erb (Duration: 0.3ms | Allocations: 134)
  Rendered devise/sessions/new.html.erb within layouts/application (Duration: 2.7ms | Allocations: 1129)
[Webpacker] Everything's up-to-date. Nothing to do
  Rendered home/_header.html.erb (Duration: 0.3ms | Allocations: 180)
Completed 200 OK in 11ms (Views: 9.4ms | ActiveRecord: 0.0ms | Allocations: 5121)


Started POST "/users/sign_in" for ::1 at 2021-10-06 18:27:17 +0530
Processing by Devise::SessionsController#create as HTML
  Parameters: {"authenticity_token"=>"DW7rc10V0tg6fSC7vFQ/CKxIGJS3yaTCgoYNDfmUObo4QwgBRShfRhkCqdXuraF6ETed7XtBcVB71pEYf6Lfyg==", "user"=>{"email"=>"siddhant@gmail.com", "password"=>"[FILTERED]", "remember_me"=>"1"}, "commit"=>"Log in"}
  [1m[36mUser Load (0.4ms)[0m  [1m[34mSELECT "users".* FROM "users" WHERE "users"."email" = ? ORDER BY "users"."id" ASC LIMIT ?[0m  [["email", "siddhant@gmail.com"], ["LIMIT", 1]]
  [1m[35m (0.1ms)[0m  [1m[36mbegin transaction[0m
  [1m[36mUser Update (0.2ms)[0m  [1m[33mUPDATE "users" SET "remember_created_at" = ?, "updated_at" = ? WHERE "users"."id" = ?[0m  [["remember_created_at", "2021-10-06 12:57:17.641836"], ["updated_at", "2021-10-06 12:57:17.642027"], ["id", 1]]
  [1m[35m (1.7ms)[0m  [1m[36mcommit transaction[0m
Redirected to http://localhost:3000/
Completed 302 Found in 216ms (ActiveRecord: 2.3ms | Allocations: 8712)


Started GET "/" for ::1 at 2021-10-06 18:27:17 +0530
Processing by FriendsController#index as HTML
  Rendering friends/index.html.erb within layouts/application
  [1m[36mUser Load (0.1ms)[0m  [1m[34mSELECT "users".* FROM "users" WHERE "users"."id" = ? ORDER BY "users"."id" ASC LIMIT ?[0m  [["id", 1], ["LIMIT", 1]]
  ↳ app/views/friends/index.html.erb:3
  [1m[36mFriend Load (0.0ms)[0m  [1m[34mSELECT "friends".* FROM "friends"[0m
  ↳ app/views/friends/index.html.erb:17
  [1m[36mUser Load (0.0ms)[0m  [1m[34mSELECT "users".* FROM "users" WHERE "users"."id" = ? LIMIT ?[0m  [["id", 1], ["LIMIT", 1]]
  ↳ app/views/friends/index.html.erb:18
  Rendered friends/index.html.erb within layouts/application (Duration: 2.5ms | Allocations: 2443)
[Webpacker] Everything's up-to-date. Nothing to do
  Rendered home/_header.html.erb (Duration: 0.1ms | Allocations: 170)
  Rendered layouts/_alerts.html.erb (Duration: 0.0ms | Allocations: 10)
Completed 200 OK in 6ms (Views: 5.6ms | ActiveRecord: 0.2ms | Allocations: 6495)


Started GET "/" for ::1 at 2021-10-06 18:27:21 +0530
Processing by FriendsController#index as HTML
  Rendering friends/index.html.erb within layouts/application
  [1m[36mUser Load (0.2ms)[0m  [1m[34mSELECT "users".* FROM "users" WHERE "users"."id" = ? ORDER BY "users"."id" ASC LIMIT ?[0m  [["id", 1], ["LIMIT", 1]]
  ↳ app/views/friends/index.html.erb:3
  [1m[36mFriend Load (0.2ms)[0m  [1m[34mSELECT "friends".* FROM "friends"[0m
  ↳ app/views/friends/index.html.erb:17
  [1m[36mUser Load (0.1ms)[0m  [1m[34mSELECT "users".* FROM "users" WHERE "users"."id" = ? LIMIT ?[0m  [["id", 1], ["LIMIT", 1]]
  ↳ app/views/friends/index.html.erb:18
  Rendered friends/index.html.erb within layouts/application (Duration: 6.5ms | Allocations: 2390)
[Webpacker] Everything's up-to-date. Nothing to do
  Rendered home/_header.html.erb (Duration: 0.2ms | Allocations: 169)
Completed 200 OK in 14ms (Views: 11.8ms | ActiveRecord: 0.4ms | Allocations: 6155)


Started GET "/friends/new" for ::1 at 2021-10-06 18:27:24 +0530
Processing by FriendsController#new as HTML
  [1m[36mUser Load (0.2ms)[0m  [1m[34mSELECT "users".* FROM "users" WHERE "users"."id" = ? ORDER BY "users"."id" ASC LIMIT ?[0m  [["id", 1], ["LIMIT", 1]]
  Rendering friends/new.html.erb within layouts/application
  Rendered friends/_form.html.erb (Duration: 2.1ms | Allocations: 886)
  Rendered friends/new.html.erb within layouts/application (Duration: 2.5ms | Allocations: 980)
[Webpacker] Everything's up-to-date. Nothing to do
  Rendered home/_header.html.erb (Duration: 0.2ms | Allocations: 168)
Completed 200 OK in 14ms (Views: 8.7ms | ActiveRecord: 0.2ms | Allocations: 6369)


Started POST "/friends" for ::1 at 2021-10-06 18:27:36 +0530
Processing by FriendsController#create as HTML
  Parameters: {"authenticity_token"=>"SLcCj5gU0nSfRTYvmDjKw5P4ennoStFKPHJQe2suXa8EC+8sSJ+jh/F2TIa7qAaOMVyTgy5iFQ2O42wwpYNzDQ==", "friend"=>{"first_name"=>"a", "last_name"=>"b", "email"=>"a@gmail.com", "phone"=>"8888888888", "twitter"=>"akjcnalsc", "user_id"=>"1"}, "commit"=>"Create Friend"}
  [1m[36mUser Load (0.1ms)[0m  [1m[34mSELECT "users".* FROM "users" WHERE "users"."id" = ? ORDER BY "users"."id" ASC LIMIT ?[0m  [["id", 1], ["LIMIT", 1]]
  [1m[35m (0.1ms)[0m  [1m[36mbegin transaction[0m
  ↳ app/controllers/friends_controller.rb:33:in `block in create'
  [1m[36mFriend Create (0.3ms)[0m  [1m[32mINSERT INTO "friends" ("first_name", "last_name", "email", "phone", "twitter", "created_at", "updated_at", "user_id") VALUES (?, ?, ?, ?, ?, ?, ?, ?)[0m  [["first_name", "a"], ["last_name", "b"], ["email", "a@gmail.com"], ["phone", "8888888888"], ["twitter", "akjcnalsc"], ["created_at", "2021-10-06 12:57:36.924166"], ["updated_at", "2021-10-06 12:57:36.924166"], ["user_id", 1]]
  ↳ app/controllers/friends_controller.rb:33:in `block in create'
  [1m[35m (1.4ms)[0m  [1m[36mcommit transaction[0m
  ↳ app/controllers/friends_controller.rb:33:in `block in create'
Redirected to http://localhost:3000/friends/2
Completed 302 Found in 9ms (ActiveRecord: 1.9ms | Allocations: 4670)


Started GET "/friends/2" for ::1 at 2021-10-06 18:27:36 +0530
Processing by FriendsController#show as HTML
  Parameters: {"id"=>"2"}
  [1m[36mFriend Load (0.1ms)[0m  [1m[34mSELECT "friends".* FROM "friends" WHERE "friends"."id" = ? LIMIT ?[0m  [["id", 2], ["LIMIT", 1]]
  ↳ app/controllers/friends_controller.rb:77:in `set_friend'
  Rendering friends/show.html.erb within layouts/application
  Rendered friends/show.html.erb within layouts/application (Duration: 0.3ms | Allocations: 160)
[Webpacker] Everything's up-to-date. Nothing to do
  [1m[36mUser Load (0.1ms)[0m  [1m[34mSELECT "users".* FROM "users" WHERE "users"."id" = ? ORDER BY "users"."id" ASC LIMIT ?[0m  [["id", 1], ["LIMIT", 1]]
  ↳ app/views/home/_header.html.erb:19
  Rendered home/_header.html.erb (Duration: 1.1ms | Allocations: 1059)
  Rendered layouts/_alerts.html.erb (Duration: 0.0ms | Allocations: 11)
Completed 200 OK in 6ms (Views: 4.7ms | ActiveRecord: 0.1ms | Allocations: 5467)


Started GET "/friends" for ::1 at 2021-10-06 18:27:38 +0530
Processing by FriendsController#index as HTML
  Rendering friends/index.html.erb within layouts/application
  [1m[36mUser Load (0.2ms)[0m  [1m[34mSELECT "users".* FROM "users" WHERE "users"."id" = ? ORDER BY "users"."id" ASC LIMIT ?[0m  [["id", 1], ["LIMIT", 1]]
  ↳ app/views/friends/index.html.erb:3
  [1m[36mFriend Load (0.1ms)[0m  [1m[34mSELECT "friends".* FROM "friends"[0m
  ↳ app/views/friends/index.html.erb:17
  [1m[36mUser Load (0.1ms)[0m  [1m[34mSELECT "users".* FROM "users" WHERE "users"."id" = ? LIMIT ?[0m  [["id", 1], ["LIMIT", 1]]
  ↳ app/views/friends/index.html.erb:18
  [1m[36mCACHE User Load (0.0ms)[0m  [1m[34mSELECT "users".* FROM "users" WHERE "users"."id" = ? LIMIT ?[0m  [["id", 1], ["LIMIT", 1]]
  ↳ app/views/friends/index.html.erb:18
  Rendered friends/index.html.erb within layouts/application (Duration: 7.5ms | Allocations: 3205)
[Webpacker] Everything's up-to-date. Nothing to do
  Rendered home/_header.html.erb (Duration: 0.1ms | Allocations: 169)
Completed 200 OK in 14ms (Views: 11.6ms | ActiveRecord: 0.4ms | Allocations: 6983)


Started DELETE "/friends/1" for ::1 at 2021-10-06 18:27:50 +0530
Processing by FriendsController#destroy as HTML
  Parameters: {"authenticity_token"=>"tzvzvFifUKZBBkuKfnwtvtp9Lz3sMVNNnSdTA2DTo2uOG4US5/eSAi94PPButOZAZNwFN//pRT/bcQGCGPQANA==", "id"=>"1"}
  [1m[36mFriend Load (0.1ms)[0m  [1m[34mSELECT "friends".* FROM "friends" WHERE "friends"."id" = ? LIMIT ?[0m  [["id", 1], ["LIMIT", 1]]
  ↳ app/controllers/friends_controller.rb:77:in `set_friend'
  [1m[36mUser Load (0.1ms)[0m  [1m[34mSELECT "users".* FROM "users" WHERE "users"."id" = ? ORDER BY "users"."id" ASC LIMIT ?[0m  [["id", 1], ["LIMIT", 1]]
  [1m[36mFriend Load (0.1ms)[0m  [1m[34mSELECT "friends".* FROM "friends" WHERE "friends"."user_id" = ? AND "friends"."id" = ? LIMIT ?[0m  [["user_id", 1], ["id", 1], ["LIMIT", 1]]
  ↳ app/controllers/friends_controller.rb:68:in `correct_user'
  [1m[35m (0.0ms)[0m  [1m[36mbegin transaction[0m
  ↳ app/controllers/friends_controller.rb:60:in `destroy'
  [1m[36mFriend Destroy (0.1ms)[0m  [1m[31mDELETE FROM "friends" WHERE "friends"."id" = ?[0m  [["id", 1]]
  ↳ app/controllers/friends_controller.rb:60:in `destroy'
  [1m[35m (11.5ms)[0m  [1m[36mcommit transaction[0m
  ↳ app/controllers/friends_controller.rb:60:in `destroy'
Redirected to http://localhost:3000/friends
Completed 302 Found in 19ms (ActiveRecord: 12.0ms | Allocations: 5287)


Started GET "/friends" for ::1 at 2021-10-06 18:27:50 +0530
Processing by FriendsController#index as HTML
  Rendering friends/index.html.erb within layouts/application
  [1m[36mUser Load (0.2ms)[0m  [1m[34mSELECT "users".* FROM "users" WHERE "users"."id" = ? ORDER BY "users"."id" ASC LIMIT ?[0m  [["id", 1], ["LIMIT", 1]]
  ↳ app/views/friends/index.html.erb:3
  [1m[36mFriend Load (0.0ms)[0m  [1m[34mSELECT "friends".* FROM "friends"[0m
  ↳ app/views/friends/index.html.erb:17
  [1m[36mUser Load (0.0ms)[0m  [1m[34mSELECT "users".* FROM "users" WHERE "users"."id" = ? LIMIT ?[0m  [["id", 1], ["LIMIT", 1]]
  ↳ app/views/friends/index.html.erb:18
  Rendered friends/index.html.erb within layouts/application (Duration: 2.3ms | Allocations: 2390)
[Webpacker] Everything's up-to-date. Nothing to do
  Rendered home/_header.html.erb (Duration: 0.1ms | Allocations: 169)
  Rendered layouts/_alerts.html.erb (Duration: 0.0ms | Allocations: 11)
Completed 200 OK in 6ms (Views: 5.2ms | ActiveRecord: 0.3ms | Allocations: 6246)


Started GET "/friends" for ::1 at 2021-10-06 18:32:12 +0530
  [1m[35m (0.3ms)[0m  [1m[34mSELECT sqlite_version(*)[0m
  [1m[35m (0.1ms)[0m  [1m[34mSELECT "schema_migrations"."version" FROM "schema_migrations" ORDER BY "schema_migrations"."version" ASC[0m
Processing by FriendsController#index as HTML
  Rendering friends/index.html.erb within layouts/application
  [1m[36mUser Load (0.1ms)[0m  [1m[34mSELECT "users".* FROM "users" WHERE "users"."id" = ? ORDER BY "users"."id" ASC LIMIT ?[0m  [["id", 1], ["LIMIT", 1]]
  ↳ app/views/friends/index.html.erb:3
  [1m[36mFriend Load (0.1ms)[0m  [1m[34mSELECT "friends".* FROM "friends"[0m
  ↳ app/views/friends/index.html.erb:17
  [1m[36mUser Load (0.1ms)[0m  [1m[34mSELECT "users".* FROM "users" WHERE "users"."id" = ? LIMIT ?[0m  [["id", 1], ["LIMIT", 1]]
  ↳ app/views/friends/index.html.erb:18
  Rendered friends/index.html.erb within layouts/application (Duration: 14.9ms | Allocations: 16865)
[Webpacker] Everything's up-to-date. Nothing to do
  Rendered home/_header.html.erb (Duration: 0.7ms | Allocations: 572)
Completed 200 OK in 28ms (Views: 23.4ms | ActiveRecord: 0.8ms | Allocations: 28397)


Started GET "/friends" for ::1 at 2021-10-06 18:33:06 +0530
Processing by FriendsController#index as HTML
  Rendering friends/index.html.erb within layouts/application
  [1m[36mUser Load (0.1ms)[0m  [1m[34mSELECT "users".* FROM "users" WHERE "users"."id" = ? ORDER BY "users"."id" ASC LIMIT ?[0m  [["id", 1], ["LIMIT", 1]]
  ↳ app/views/friends/index.html.erb:3
  [1m[36mFriend Load (0.1ms)[0m  [1m[34mSELECT "friends".* FROM "friends"[0m
  ↳ app/views/friends/index.html.erb:17
  [1m[36mUser Load (0.1ms)[0m  [1m[34mSELECT "users".* FROM "users" WHERE "users"."id" = ? LIMIT ?[0m  [["id", 1], ["LIMIT", 1]]
  ↳ app/views/friends/index.html.erb:18
  Rendered friends/index.html.erb within layouts/application (Duration: 4.9ms | Allocations: 2983)
[Webpacker] Everything's up-to-date. Nothing to do
  Rendered home/_header.html.erb (Duration: 0.4ms | Allocations: 543)
Completed 200 OK in 13ms (Views: 11.4ms | ActiveRecord: 0.3ms | Allocations: 8926)


Started GET "/friends" for ::1 at 2021-10-06 18:33:13 +0530
Processing by FriendsController#index as HTML
  Rendering friends/index.html.erb within layouts/application
  [1m[36mUser Load (0.1ms)[0m  [1m[34mSELECT "users".* FROM "users" WHERE "users"."id" = ? ORDER BY "users"."id" ASC LIMIT ?[0m  [["id", 1], ["LIMIT", 1]]
  ↳ app/views/friends/index.html.erb:3
  [1m[36mFriend Load (0.1ms)[0m  [1m[34mSELECT "friends".* FROM "friends"[0m
  ↳ app/views/friends/index.html.erb:17
  [1m[36mUser Load (0.1ms)[0m  [1m[34mSELECT "users".* FROM "users" WHERE "users"."id" = ? LIMIT ?[0m  [["id", 1], ["LIMIT", 1]]
  ↳ app/views/friends/index.html.erb:18
  Rendered friends/index.html.erb within layouts/application (Duration: 4.5ms | Allocations: 2398)
[Webpacker] Everything's up-to-date. Nothing to do
  Rendered home/_header.html.erb (Duration: 0.2ms | Allocations: 199)
Completed 200 OK in 11ms (Views: 9.1ms | ActiveRecord: 0.3ms | Allocations: 6255)


Started GET "/friends" for ::1 at 2021-10-06 18:33:55 +0530
  [1m[35m (0.2ms)[0m  [1m[34mSELECT sqlite_version(*)[0m
  [1m[35m (0.1ms)[0m  [1m[34mSELECT "schema_migrations"."version" FROM "schema_migrations" ORDER BY "schema_migrations"."version" ASC[0m
Processing by FriendsController#index as HTML
  Rendering friends/index.html.erb within layouts/application
  [1m[36mUser Load (0.1ms)[0m  [1m[34mSELECT "users".* FROM "users" WHERE "users"."id" = ? ORDER BY "users"."id" ASC LIMIT ?[0m  [["id", 1], ["LIMIT", 1]]
  ↳ app/views/friends/index.html.erb:3
  [1m[36mFriend Load (0.1ms)[0m  [1m[34mSELECT "friends".* FROM "friends"[0m
  ↳ app/views/friends/index.html.erb:17
  [1m[36mUser Load (0.1ms)[0m  [1m[34mSELECT "users".* FROM "users" WHERE "users"."id" = ? LIMIT ?[0m  [["id", 1], ["LIMIT", 1]]
  ↳ app/views/friends/index.html.erb:18
  Rendered friends/index.html.erb within layouts/application (Duration: 14.2ms | Allocations: 16865)
[Webpacker] Everything's up-to-date. Nothing to do
  Rendered home/_header.html.erb (Duration: 0.5ms | Allocations: 570)
Completed 200 OK in 27ms (Views: 22.9ms | ActiveRecord: 0.7ms | Allocations: 28393)


Started GET "/friends" for ::1 at 2021-10-06 18:33:56 +0530
Processing by FriendsController#index as HTML
  Rendering friends/index.html.erb within layouts/application
  [1m[36mUser Load (0.2ms)[0m  [1m[34mSELECT "users".* FROM "users" WHERE "users"."id" = ? ORDER BY "users"."id" ASC LIMIT ?[0m  [["id", 1], ["LIMIT", 1]]
  ↳ app/views/friends/index.html.erb:3
  [1m[36mFriend Load (0.1ms)[0m  [1m[34mSELECT "friends".* FROM "friends"[0m
  ↳ app/views/friends/index.html.erb:17
  [1m[36mUser Load (0.1ms)[0m  [1m[34mSELECT "users".* FROM "users" WHERE "users"."id" = ? LIMIT ?[0m  [["id", 1], ["LIMIT", 1]]
  ↳ app/views/friends/index.html.erb:18
  Rendered friends/index.html.erb within layouts/application (Duration: 5.9ms | Allocations: 2605)
[Webpacker] Everything's up-to-date. Nothing to do
  Rendered home/_header.html.erb (Duration: 0.2ms | Allocations: 200)
Completed 200 OK in 13ms (Views: 11.3ms | ActiveRecord: 0.4ms | Allocations: 6660)


Started GET "/friends" for ::1 at 2021-10-06 18:33:58 +0530
Processing by FriendsController#index as HTML
  Rendering friends/index.html.erb within layouts/application
  [1m[36mUser Load (0.1ms)[0m  [1m[34mSELECT "users".* FROM "users" WHERE "users"."id" = ? ORDER BY "users"."id" ASC LIMIT ?[0m  [["id", 1], ["LIMIT", 1]]
  ↳ app/views/friends/index.html.erb:3
  [1m[36mFriend Load (0.1ms)[0m  [1m[34mSELECT "friends".* FROM "friends"[0m
  ↳ app/views/friends/index.html.erb:17
  [1m[36mUser Load (0.1ms)[0m  [1m[34mSELECT "users".* FROM "users" WHERE "users"."id" = ? LIMIT ?[0m  [["id", 1], ["LIMIT", 1]]
  ↳ app/views/friends/index.html.erb:18
  Rendered friends/index.html.erb within layouts/application (Duration: 3.4ms | Allocations: 2398)
[Webpacker] Everything's up-to-date. Nothing to do
  Rendered home/_header.html.erb (Duration: 0.2ms | Allocations: 199)
Completed 200 OK in 8ms (Views: 7.3ms | ActiveRecord: 0.3ms | Allocations: 6203)


Started GET "/friends" for ::1 at 2021-10-06 18:33:59 +0530
Processing by FriendsController#index as HTML
  Rendering friends/index.html.erb within layouts/application
  [1m[36mUser Load (0.1ms)[0m  [1m[34mSELECT "users".* FROM "users" WHERE "users"."id" = ? ORDER BY "users"."id" ASC LIMIT ?[0m  [["id", 1], ["LIMIT", 1]]
  ↳ app/views/friends/index.html.erb:3
  [1m[36mFriend Load (0.1ms)[0m  [1m[34mSELECT "friends".* FROM "friends"[0m
  ↳ app/views/friends/index.html.erb:17
  [1m[36mUser Load (0.1ms)[0m  [1m[34mSELECT "users".* FROM "users" WHERE "users"."id" = ? LIMIT ?[0m  [["id", 1], ["LIMIT", 1]]
  ↳ app/views/friends/index.html.erb:18
  Rendered friends/index.html.erb within layouts/application (Duration: 5.7ms | Allocations: 2398)
[Webpacker] Everything's up-to-date. Nothing to do
  Rendered home/_header.html.erb (Duration: 0.2ms | Allocations: 199)
Completed 200 OK in 13ms (Views: 11.0ms | ActiveRecord: 0.4ms | Allocations: 6215)


Started GET "/friends" for ::1 at 2021-10-06 18:33:59 +0530
Processing by FriendsController#index as HTML
  Rendering friends/index.html.erb within layouts/application
  [1m[36mUser Load (0.1ms)[0m  [1m[34mSELECT "users".* FROM "users" WHERE "users"."id" = ? ORDER BY "users"."id" ASC LIMIT ?[0m  [["id", 1], ["LIMIT", 1]]
  ↳ app/views/friends/index.html.erb:3
  [1m[36mFriend Load (0.1ms)[0m  [1m[34mSELECT "friends".* FROM "friends"[0m
  ↳ app/views/friends/index.html.erb:17
  [1m[36mUser Load (0.1ms)[0m  [1m[34mSELECT "users".* FROM "users" WHERE "users"."id" = ? LIMIT ?[0m  [["id", 1], ["LIMIT", 1]]
  ↳ app/views/friends/index.html.erb:18
  Rendered friends/index.html.erb within layouts/application (Duration: 2.6ms | Allocations: 2398)
[Webpacker] Everything's up-to-date. Nothing to do
  Rendered home/_header.html.erb (Duration: 0.1ms | Allocations: 199)
Completed 200 OK in 6ms (Views: 5.4ms | ActiveRecord: 0.2ms | Allocations: 6195)


Started GET "/friends/new" for ::1 at 2021-10-06 18:34:10 +0530
Processing by FriendsController#new as HTML
  [1m[36mUser Load (0.2ms)[0m  [1m[34mSELECT "users".* FROM "users" WHERE "users"."id" = ? ORDER BY "users"."id" ASC LIMIT ?[0m  [["id", 1], ["LIMIT", 1]]
  Rendering friends/new.html.erb within layouts/application
  Rendered friends/_form.html.erb (Duration: 3.5ms | Allocations: 3751)
  Rendered friends/new.html.erb within layouts/application (Duration: 4.3ms | Allocations: 4141)
[Webpacker] Everything's up-to-date. Nothing to do
  Rendered home/_header.html.erb (Duration: 0.2ms | Allocations: 199)
Completed 200 OK in 19ms (Views: 7.5ms | ActiveRecord: 0.2ms | Allocations: 12593)


Started POST "/friends" for ::1 at 2021-10-06 18:34:25 +0530
Processing by FriendsController#create as HTML
  Parameters: {"authenticity_token"=>"E95t0srT5gmrt+ADWaG+8Z2ub2rWYMVxoc56qthkfKlfYoBxGliX+sWEmqp6MXK8PwqGkBBIATYTX0bhFslSCw==", "friend"=>{"first_name"=>"aa", "last_name"=>"a", "email"=>"aa@gmail.com", "phone"=>"aaaaaaa", "twitter"=>"aaaaa", "user_id"=>"1"}, "commit"=>"Create Friend"}
  [1m[36mUser Load (0.1ms)[0m  [1m[34mSELECT "users".* FROM "users" WHERE "users"."id" = ? ORDER BY "users"."id" ASC LIMIT ?[0m  [["id", 1], ["LIMIT", 1]]
  [1m[35m (0.1ms)[0m  [1m[36mbegin transaction[0m
  ↳ app/controllers/friends_controller.rb:33:in `block in create'
  [1m[36mFriend Create (0.2ms)[0m  [1m[32mINSERT INTO "friends" ("first_name", "last_name", "email", "phone", "twitter", "created_at", "updated_at", "user_id") VALUES (?, ?, ?, ?, ?, ?, ?, ?)[0m  [["first_name", "aa"], ["last_name", "a"], ["email", "aa@gmail.com"], ["phone", "aaaaaaa"], ["twitter", "aaaaa"], ["created_at", "2021-10-06 13:04:25.417319"], ["updated_at", "2021-10-06 13:04:25.417319"], ["user_id", 1]]
  ↳ app/controllers/friends_controller.rb:33:in `block in create'
  [1m[35m (1.4ms)[0m  [1m[36mcommit transaction[0m
  ↳ app/controllers/friends_controller.rb:33:in `block in create'
Redirected to http://localhost:3000/friends/3
Completed 302 Found in 6ms (ActiveRecord: 1.7ms | Allocations: 5772)


Started GET "/friends/3" for ::1 at 2021-10-06 18:34:25 +0530
Processing by FriendsController#show as HTML
  Parameters: {"id"=>"3"}
  [1m[36mFriend Load (0.1ms)[0m  [1m[34mSELECT "friends".* FROM "friends" WHERE "friends"."id" = ? LIMIT ?[0m  [["id", 3], ["LIMIT", 1]]
  ↳ app/controllers/friends_controller.rb:77:in `set_friend'
  Rendering friends/show.html.erb within layouts/application
  Rendered friends/show.html.erb within layouts/application (Duration: 0.5ms | Allocations: 437)
[Webpacker] Everything's up-to-date. Nothing to do
  [1m[36mUser Load (0.1ms)[0m  [1m[34mSELECT "users".* FROM "users" WHERE "users"."id" = ? ORDER BY "users"."id" ASC LIMIT ?[0m  [["id", 1], ["LIMIT", 1]]
  ↳ app/views/home/_header.html.erb:15
  Rendered home/_header.html.erb (Duration: 1.4ms | Allocations: 1090)
  Rendered layouts/_alerts.html.erb (Duration: 0.2ms | Allocations: 103)
Completed 200 OK in 7ms (Views: 5.5ms | ActiveRecord: 0.2ms | Allocations: 6486)


Started GET "/friends" for ::1 at 2021-10-06 18:34:27 +0530
Processing by FriendsController#index as HTML
  Rendering friends/index.html.erb within layouts/application
  [1m[36mUser Load (0.2ms)[0m  [1m[34mSELECT "users".* FROM "users" WHERE "users"."id" = ? ORDER BY "users"."id" ASC LIMIT ?[0m  [["id", 1], ["LIMIT", 1]]
  ↳ app/views/friends/index.html.erb:3
  [1m[36mFriend Load (0.2ms)[0m  [1m[34mSELECT "friends".* FROM "friends"[0m
  ↳ app/views/friends/index.html.erb:17
  [1m[36mUser Load (0.1ms)[0m  [1m[34mSELECT "users".* FROM "users" WHERE "users"."id" = ? LIMIT ?[0m  [["id", 1], ["LIMIT", 1]]
  ↳ app/views/friends/index.html.erb:18
  [1m[36mCACHE User Load (0.0ms)[0m  [1m[34mSELECT "users".* FROM "users" WHERE "users"."id" = ? LIMIT ?[0m  [["id", 1], ["LIMIT", 1]]
  ↳ app/views/friends/index.html.erb:18
  Rendered friends/index.html.erb within layouts/application (Duration: 7.9ms | Allocations: 3206)
[Webpacker] Everything's up-to-date. Nothing to do
  Rendered home/_header.html.erb (Duration: 0.2ms | Allocations: 199)
Completed 200 OK in 23ms (Views: 21.6ms | ActiveRecord: 0.5ms | Allocations: 6999)


Started GET "/friends/2" for ::1 at 2021-10-06 18:34:30 +0530
Processing by FriendsController#show as HTML
  Parameters: {"id"=>"2"}
  [1m[36mFriend Load (0.2ms)[0m  [1m[34mSELECT "friends".* FROM "friends" WHERE "friends"."id" = ? LIMIT ?[0m  [["id", 2], ["LIMIT", 1]]
  ↳ app/controllers/friends_controller.rb:77:in `set_friend'
  Rendering friends/show.html.erb within layouts/application
  Rendered friends/show.html.erb within layouts/application (Duration: 1.1ms | Allocations: 160)
[Webpacker] Everything's up-to-date. Nothing to do
  [1m[36mUser Load (0.1ms)[0m  [1m[34mSELECT "users".* FROM "users" WHERE "users"."id" = ? ORDER BY "users"."id" ASC LIMIT ?[0m  [["id", 1], ["LIMIT", 1]]
  ↳ app/views/home/_header.html.erb:15
  Rendered home/_header.html.erb (Duration: 1.7ms | Allocations: 1089)
Completed 200 OK in 13ms (Views: 10.0ms | ActiveRecord: 0.3ms | Allocations: 5392)


Started GET "/friends" for ::1 at 2021-10-06 18:34:32 +0530
Processing by FriendsController#index as HTML
  Rendering friends/index.html.erb within layouts/application
  [1m[36mUser Load (0.1ms)[0m  [1m[34mSELECT "users".* FROM "users" WHERE "users"."id" = ? ORDER BY "users"."id" ASC LIMIT ?[0m  [["id", 1], ["LIMIT", 1]]
  ↳ app/views/friends/index.html.erb:3
  [1m[36mFriend Load (0.1ms)[0m  [1m[34mSELECT "friends".* FROM "friends"[0m
  ↳ app/views/friends/index.html.erb:17
  [1m[36mUser Load (0.1ms)[0m  [1m[34mSELECT "users".* FROM "users" WHERE "users"."id" = ? LIMIT ?[0m  [["id", 1], ["LIMIT", 1]]
  ↳ app/views/friends/index.html.erb:18
  [1m[36mCACHE User Load (0.0ms)[0m  [1m[34mSELECT "users".* FROM "users" WHERE "users"."id" = ? LIMIT ?[0m  [["id", 1], ["LIMIT", 1]]
  ↳ app/views/friends/index.html.erb:18
  Rendered friends/index.html.erb within layouts/application (Duration: 6.1ms | Allocations: 3196)
[Webpacker] Everything's up-to-date. Nothing to do
  Rendered home/_header.html.erb (Duration: 0.2ms | Allocations: 199)
Completed 200 OK in 12ms (Views: 10.0ms | ActiveRecord: 0.4ms | Allocations: 7001)


Started GET "/friends" for ::1 at 2021-10-06 18:34:34 +0530
Processing by FriendsController#index as HTML
  Rendering friends/index.html.erb within layouts/application
  [1m[36mUser Load (0.2ms)[0m  [1m[34mSELECT "users".* FROM "users" WHERE "users"."id" = ? ORDER BY "users"."id" ASC LIMIT ?[0m  [["id", 1], ["LIMIT", 1]]
  ↳ app/views/friends/index.html.erb:3
  [1m[36mFriend Load (0.1ms)[0m  [1m[34mSELECT "friends".* FROM "friends"[0m
  ↳ app/views/friends/index.html.erb:17
  [1m[36mUser Load (0.1ms)[0m  [1m[34mSELECT "users".* FROM "users" WHERE "users"."id" = ? LIMIT ?[0m  [["id", 1], ["LIMIT", 1]]
  ↳ app/views/friends/index.html.erb:18
  [1m[36mCACHE User Load (0.0ms)[0m  [1m[34mSELECT "users".* FROM "users" WHERE "users"."id" = ? LIMIT ?[0m  [["id", 1], ["LIMIT", 1]]
  ↳ app/views/friends/index.html.erb:18
  Rendered friends/index.html.erb within layouts/application (Duration: 8.6ms | Allocations: 3196)
[Webpacker] Everything's up-to-date. Nothing to do
  Rendered home/_header.html.erb (Duration: 0.2ms | Allocations: 199)
Completed 200 OK in 17ms (Views: 15.1ms | ActiveRecord: 0.5ms | Allocations: 6995)


Started GET "/friends" for ::1 at 2021-10-06 18:34:35 +0530
Processing by FriendsController#index as HTML
  Rendering friends/index.html.erb within layouts/application
  [1m[36mUser Load (0.1ms)[0m  [1m[34mSELECT "users".* FROM "users" WHERE "users"."id" = ? ORDER BY "users"."id" ASC LIMIT ?[0m  [["id", 1], ["LIMIT", 1]]
  ↳ app/views/friends/index.html.erb:3
  [1m[36mFriend Load (0.1ms)[0m  [1m[34mSELECT "friends".* FROM "friends"[0m
  ↳ app/views/friends/index.html.erb:17
  [1m[36mUser Load (0.1ms)[0m  [1m[34mSELECT "users".* FROM "users" WHERE "users"."id" = ? LIMIT ?[0m  [["id", 1], ["LIMIT", 1]]
  ↳ app/views/friends/index.html.erb:18
  [1m[36mCACHE User Load (0.0ms)[0m  [1m[34mSELECT "users".* FROM "users" WHERE "users"."id" = ? LIMIT ?[0m  [["id", 1], ["LIMIT", 1]]
  ↳ app/views/friends/index.html.erb:18
  Rendered friends/index.html.erb within layouts/application (Duration: 6.7ms | Allocations: 3196)
[Webpacker] Everything's up-to-date. Nothing to do
  Rendered home/_header.html.erb (Duration: 0.2ms | Allocations: 199)
Completed 200 OK in 12ms (Views: 10.8ms | ActiveRecord: 0.3ms | Allocations: 6995)


Started GET "/friends" for ::1 at 2021-10-06 18:34:36 +0530
Processing by FriendsController#index as HTML
  Rendering friends/index.html.erb within layouts/application
  [1m[36mUser Load (0.1ms)[0m  [1m[34mSELECT "users".* FROM "users" WHERE "users"."id" = ? ORDER BY "users"."id" ASC LIMIT ?[0m  [["id", 1], ["LIMIT", 1]]
  ↳ app/views/friends/index.html.erb:3
  [1m[36mFriend Load (0.1ms)[0m  [1m[34mSELECT "friends".* FROM "friends"[0m
  ↳ app/views/friends/index.html.erb:17
  [1m[36mUser Load (0.0ms)[0m  [1m[34mSELECT "users".* FROM "users" WHERE "users"."id" = ? LIMIT ?[0m  [["id", 1], ["LIMIT", 1]]
  ↳ app/views/friends/index.html.erb:18
  [1m[36mCACHE User Load (0.0ms)[0m  [1m[34mSELECT "users".* FROM "users" WHERE "users"."id" = ? LIMIT ?[0m  [["id", 1], ["LIMIT", 1]]
  ↳ app/views/friends/index.html.erb:18
  Rendered friends/index.html.erb within layouts/application (Duration: 3.5ms | Allocations: 3195)
[Webpacker] Everything's up-to-date. Nothing to do
  Rendered home/_header.html.erb (Duration: 0.2ms | Allocations: 199)
Completed 200 OK in 7ms (Views: 6.4ms | ActiveRecord: 0.2ms | Allocations: 7002)


Started GET "/friends" for ::1 at 2021-10-06 18:34:36 +0530
Processing by FriendsController#index as HTML
  Rendering friends/index.html.erb within layouts/application
  [1m[36mUser Load (0.2ms)[0m  [1m[34mSELECT "users".* FROM "users" WHERE "users"."id" = ? ORDER BY "users"."id" ASC LIMIT ?[0m  [["id", 1], ["LIMIT", 1]]
  ↳ app/views/friends/index.html.erb:3
  [1m[36mFriend Load (0.1ms)[0m  [1m[34mSELECT "friends".* FROM "friends"[0m
  ↳ app/views/friends/index.html.erb:17
  [1m[36mUser Load (0.2ms)[0m  [1m[34mSELECT "users".* FROM "users" WHERE "users"."id" = ? LIMIT ?[0m  [["id", 1], ["LIMIT", 1]]
  ↳ app/views/friends/index.html.erb:18
  [1m[36mCACHE User Load (0.0ms)[0m  [1m[34mSELECT "users".* FROM "users" WHERE "users"."id" = ? LIMIT ?[0m  [["id", 1], ["LIMIT", 1]]
  ↳ app/views/friends/index.html.erb:18
  Rendered friends/index.html.erb within layouts/application (Duration: 9.1ms | Allocations: 3196)
[Webpacker] Everything's up-to-date. Nothing to do
  Rendered home/_header.html.erb (Duration: 0.2ms | Allocations: 199)
Completed 200 OK in 14ms (Views: 12.7ms | ActiveRecord: 0.5ms | Allocations: 6985)


Started GET "/home/about" for ::1 at 2021-10-06 18:34:37 +0530
Processing by HomeController#about as HTML
  Rendering home/about.html.erb within layouts/application
  Rendered home/about.html.erb within layouts/application (Duration: 0.2ms | Allocations: 150)
[Webpacker] Everything's up-to-date. Nothing to do
  [1m[36mUser Load (0.1ms)[0m  [1m[34mSELECT "users".* FROM "users" WHERE "users"."id" = ? ORDER BY "users"."id" ASC LIMIT ?[0m  [["id", 1], ["LIMIT", 1]]
  ↳ app/views/home/_header.html.erb:15
  Rendered home/_header.html.erb (Duration: 1.9ms | Allocations: 1316)
Completed 200 OK in 7ms (Views: 6.6ms | ActiveRecord: 0.1ms | Allocations: 6336)


Started GET "/friends" for ::1 at 2021-10-06 18:34:38 +0530
Processing by FriendsController#index as HTML
  Rendering friends/index.html.erb within layouts/application
  [1m[36mUser Load (0.1ms)[0m  [1m[34mSELECT "users".* FROM "users" WHERE "users"."id" = ? ORDER BY "users"."id" ASC LIMIT ?[0m  [["id", 1], ["LIMIT", 1]]
  ↳ app/views/friends/index.html.erb:3
  [1m[36mFriend Load (0.1ms)[0m  [1m[34mSELECT "friends".* FROM "friends"[0m
  ↳ app/views/friends/index.html.erb:17
  [1m[36mUser Load (0.1ms)[0m  [1m[34mSELECT "users".* FROM "users" WHERE "users"."id" = ? LIMIT ?[0m  [["id", 1], ["LIMIT", 1]]
  ↳ app/views/friends/index.html.erb:18
  [1m[36mCACHE User Load (0.0ms)[0m  [1m[34mSELECT "users".* FROM "users" WHERE "users"."id" = ? LIMIT ?[0m  [["id", 1], ["LIMIT", 1]]
  ↳ app/views/friends/index.html.erb:18
  Rendered friends/index.html.erb within layouts/application (Duration: 4.5ms | Allocations: 3234)
[Webpacker] Everything's up-to-date. Nothing to do
  Rendered home/_header.html.erb (Duration: 0.2ms | Allocations: 199)
Completed 200 OK in 9ms (Views: 8.2ms | ActiveRecord: 0.3ms | Allocations: 7091)


Started GET "/" for ::1 at 2021-10-06 18:34:42 +0530
Processing by FriendsController#index as HTML
  Rendering friends/index.html.erb within layouts/application
  [1m[36mUser Load (0.1ms)[0m  [1m[34mSELECT "users".* FROM "users" WHERE "users"."id" = ? ORDER BY "users"."id" ASC LIMIT ?[0m  [["id", 1], ["LIMIT", 1]]
  ↳ app/views/friends/index.html.erb:3
  [1m[36mFriend Load (0.0ms)[0m  [1m[34mSELECT "friends".* FROM "friends"[0m
  ↳ app/views/friends/index.html.erb:17
  [1m[36mUser Load (0.1ms)[0m  [1m[34mSELECT "users".* FROM "users" WHERE "users"."id" = ? LIMIT ?[0m  [["id", 1], ["LIMIT", 1]]
  ↳ app/views/friends/index.html.erb:18
  [1m[36mCACHE User Load (0.0ms)[0m  [1m[34mSELECT "users".* FROM "users" WHERE "users"."id" = ? LIMIT ?[0m  [["id", 1], ["LIMIT", 1]]
  ↳ app/views/friends/index.html.erb:18
  Rendered friends/index.html.erb within layouts/application (Duration: 3.4ms | Allocations: 3195)
[Webpacker] Everything's up-to-date. Nothing to do
  Rendered home/_header.html.erb (Duration: 0.1ms | Allocations: 199)
Completed 200 OK in 7ms (Views: 6.3ms | ActiveRecord: 0.2ms | Allocations: 6982)


Started GET "/home/about" for ::1 at 2021-10-06 18:34:43 +0530
Processing by HomeController#about as HTML
  Rendering home/about.html.erb within layouts/application
  Rendered home/about.html.erb within layouts/application (Duration: 0.0ms | Allocations: 7)
[Webpacker] Everything's up-to-date. Nothing to do
  [1m[36mUser Load (0.1ms)[0m  [1m[34mSELECT "users".* FROM "users" WHERE "users"."id" = ? ORDER BY "users"."id" ASC LIMIT ?[0m  [["id", 1], ["LIMIT", 1]]
  ↳ app/views/home/_header.html.erb:15
  Rendered home/_header.html.erb (Duration: 1.6ms | Allocations: 1103)
Completed 200 OK in 6ms (Views: 5.2ms | ActiveRecord: 0.1ms | Allocations: 4686)


Started GET "/" for ::1 at 2021-10-06 18:34:44 +0530
Processing by FriendsController#index as HTML
  Rendering friends/index.html.erb within layouts/application
  [1m[36mUser Load (0.1ms)[0m  [1m[34mSELECT "users".* FROM "users" WHERE "users"."id" = ? ORDER BY "users"."id" ASC LIMIT ?[0m  [["id", 1], ["LIMIT", 1]]
  ↳ app/views/friends/index.html.erb:3
  [1m[36mFriend Load (0.1ms)[0m  [1m[34mSELECT "friends".* FROM "friends"[0m
  ↳ app/views/friends/index.html.erb:17
  [1m[36mUser Load (0.1ms)[0m  [1m[34mSELECT "users".* FROM "users" WHERE "users"."id" = ? LIMIT ?[0m  [["id", 1], ["LIMIT", 1]]
  ↳ app/views/friends/index.html.erb:18
  [1m[36mCACHE User Load (0.0ms)[0m  [1m[34mSELECT "users".* FROM "users" WHERE "users"."id" = ? LIMIT ?[0m  [["id", 1], ["LIMIT", 1]]
  ↳ app/views/friends/index.html.erb:18
  Rendered friends/index.html.erb within layouts/application (Duration: 4.4ms | Allocations: 3195)
[Webpacker] Everything's up-to-date. Nothing to do
  Rendered home/_header.html.erb (Duration: 0.2ms | Allocations: 199)
Completed 200 OK in 8ms (Views: 7.7ms | ActiveRecord: 0.2ms | Allocations: 6996)


Started GET "/" for ::1 at 2021-10-06 18:35:21 +0530
Processing by FriendsController#index as HTML
  Rendering friends/index.html.erb within layouts/application
  [1m[36mUser Load (0.1ms)[0m  [1m[34mSELECT "users".* FROM "users" WHERE "users"."id" = ? ORDER BY "users"."id" ASC LIMIT ?[0m  [["id", 1], ["LIMIT", 1]]
  ↳ app/views/friends/index.html.erb:3
  [1m[36mFriend Load (0.1ms)[0m  [1m[34mSELECT "friends".* FROM "friends"[0m
  ↳ app/views/friends/index.html.erb:17
  [1m[36mUser Load (0.1ms)[0m  [1m[34mSELECT "users".* FROM "users" WHERE "users"."id" = ? LIMIT ?[0m  [["id", 1], ["LIMIT", 1]]
  ↳ app/views/friends/index.html.erb:18
  [1m[36mCACHE User Load (0.0ms)[0m  [1m[34mSELECT "users".* FROM "users" WHERE "users"."id" = ? LIMIT ?[0m  [["id", 1], ["LIMIT", 1]]
  ↳ app/views/friends/index.html.erb:18
  Rendered friends/index.html.erb within layouts/application (Duration: 7.0ms | Allocations: 3195)
[Webpacker] Everything's up-to-date. Nothing to do
  Rendered home/_header.html.erb (Duration: 0.2ms | Allocations: 199)
Completed 200 OK in 13ms (Views: 11.5ms | ActiveRecord: 0.4ms | Allocations: 6994)


Started GET "/home/about" for ::1 at 2021-10-06 18:35:22 +0530
Processing by HomeController#about as HTML
  Rendering home/about.html.erb within layouts/application
  Rendered home/about.html.erb within layouts/application (Duration: 0.1ms | Allocations: 7)
[Webpacker] Everything's up-to-date. Nothing to do
  [1m[36mUser Load (0.1ms)[0m  [1m[34mSELECT "users".* FROM "users" WHERE "users"."id" = ? ORDER BY "users"."id" ASC LIMIT ?[0m  [["id", 1], ["LIMIT", 1]]
  ↳ app/views/home/_header.html.erb:15
  Rendered home/_header.html.erb (Duration: 4.9ms | Allocations: 1103)
Completed 200 OK in 12ms (Views: 11.0ms | ActiveRecord: 0.1ms | Allocations: 4695)


Started GET "/friends" for ::1 at 2021-10-06 18:35:24 +0530
Processing by FriendsController#index as HTML
  Rendering friends/index.html.erb within layouts/application
  [1m[36mUser Load (0.2ms)[0m  [1m[34mSELECT "users".* FROM "users" WHERE "users"."id" = ? ORDER BY "users"."id" ASC LIMIT ?[0m  [["id", 1], ["LIMIT", 1]]
  ↳ app/views/friends/index.html.erb:3
  [1m[36mFriend Load (0.2ms)[0m  [1m[34mSELECT "friends".* FROM "friends"[0m
  ↳ app/views/friends/index.html.erb:17
  [1m[36mUser Load (0.1ms)[0m  [1m[34mSELECT "users".* FROM "users" WHERE "users"."id" = ? LIMIT ?[0m  [["id", 1], ["LIMIT", 1]]
  ↳ app/views/friends/index.html.erb:18
  [1m[36mCACHE User Load (0.0ms)[0m  [1m[34mSELECT "users".* FROM "users" WHERE "users"."id" = ? LIMIT ?[0m  [["id", 1], ["LIMIT", 1]]
  ↳ app/views/friends/index.html.erb:18
  Rendered friends/index.html.erb within layouts/application (Duration: 7.6ms | Allocations: 3196)
[Webpacker] Everything's up-to-date. Nothing to do
  Rendered home/_header.html.erb (Duration: 0.2ms | Allocations: 199)
Completed 200 OK in 14ms (Views: 11.9ms | ActiveRecord: 0.5ms | Allocations: 7004)


Started GET "/users/edit" for ::1 at 2021-10-06 18:35:25 +0530
Processing by Devise::RegistrationsController#edit as HTML
  [1m[36mUser Load (0.1ms)[0m  [1m[34mSELECT "users".* FROM "users" WHERE "users"."id" = ? ORDER BY "users"."id" ASC LIMIT ?[0m  [["id", 1], ["LIMIT", 1]]
  Rendering devise/registrations/edit.html.erb within layouts/application
  Rendered devise/shared/_error_messages.html.erb (Duration: 0.3ms | Allocations: 217)
  Rendered devise/registrations/edit.html.erb within layouts/application (Duration: 4.3ms | Allocations: 3400)
[Webpacker] Everything's up-to-date. Nothing to do
  Rendered home/_header.html.erb (Duration: 0.2ms | Allocations: 232)
Completed 200 OK in 10ms (Views: 8.5ms | ActiveRecord: 0.1ms | Allocations: 10496)


Started GET "/friends" for ::1 at 2021-10-06 18:35:27 +0530
Processing by FriendsController#index as HTML
  Rendering friends/index.html.erb within layouts/application
  [1m[36mUser Load (0.2ms)[0m  [1m[34mSELECT "users".* FROM "users" WHERE "users"."id" = ? ORDER BY "users"."id" ASC LIMIT ?[0m  [["id", 1], ["LIMIT", 1]]
  ↳ app/views/friends/index.html.erb:3
  [1m[36mFriend Load (0.1ms)[0m  [1m[34mSELECT "friends".* FROM "friends"[0m
  ↳ app/views/friends/index.html.erb:17
  [1m[36mUser Load (0.1ms)[0m  [1m[34mSELECT "users".* FROM "users" WHERE "users"."id" = ? LIMIT ?[0m  [["id", 1], ["LIMIT", 1]]
  ↳ app/views/friends/index.html.erb:18
  [1m[36mCACHE User Load (0.0ms)[0m  [1m[34mSELECT "users".* FROM "users" WHERE "users"."id" = ? LIMIT ?[0m  [["id", 1], ["LIMIT", 1]]
  ↳ app/views/friends/index.html.erb:18
  Rendered friends/index.html.erb within layouts/application (Duration: 7.3ms | Allocations: 3368)
[Webpacker] Everything's up-to-date. Nothing to do
  Rendered home/_header.html.erb (Duration: 0.2ms | Allocations: 199)
Completed 200 OK in 14ms (Views: 12.8ms | ActiveRecord: 0.4ms | Allocations: 7251)


Started GET "/home/about" for ::1 at 2021-10-06 18:35:29 +0530
Processing by HomeController#about as HTML
  Rendering home/about.html.erb within layouts/application
  Rendered home/about.html.erb within layouts/application (Duration: 0.1ms | Allocations: 7)
[Webpacker] Everything's up-to-date. Nothing to do
  [1m[36mUser Load (0.2ms)[0m  [1m[34mSELECT "users".* FROM "users" WHERE "users"."id" = ? ORDER BY "users"."id" ASC LIMIT ?[0m  [["id", 1], ["LIMIT", 1]]
  ↳ app/views/home/_header.html.erb:15
  Rendered home/_header.html.erb (Duration: 2.5ms | Allocations: 1103)
Completed 200 OK in 12ms (Views: 10.7ms | ActiveRecord: 0.2ms | Allocations: 4691)


Started GET "/" for ::1 at 2021-10-06 18:35:30 +0530
Processing by FriendsController#index as HTML
  Rendering friends/index.html.erb within layouts/application
  [1m[36mUser Load (0.1ms)[0m  [1m[34mSELECT "users".* FROM "users" WHERE "users"."id" = ? ORDER BY "users"."id" ASC LIMIT ?[0m  [["id", 1], ["LIMIT", 1]]
  ↳ app/views/friends/index.html.erb:3
  [1m[36mFriend Load (0.1ms)[0m  [1m[34mSELECT "friends".* FROM "friends"[0m
  ↳ app/views/friends/index.html.erb:17
  [1m[36mUser Load (0.0ms)[0m  [1m[34mSELECT "users".* FROM "users" WHERE "users"."id" = ? LIMIT ?[0m  [["id", 1], ["LIMIT", 1]]
  ↳ app/views/friends/index.html.erb:18
  [1m[36mCACHE User Load (0.0ms)[0m  [1m[34mSELECT "users".* FROM "users" WHERE "users"."id" = ? LIMIT ?[0m  [["id", 1], ["LIMIT", 1]]
  ↳ app/views/friends/index.html.erb:18
  Rendered friends/index.html.erb within layouts/application (Duration: 4.0ms | Allocations: 3195)
[Webpacker] Everything's up-to-date. Nothing to do
  Rendered home/_header.html.erb (Duration: 0.2ms | Allocations: 199)
Completed 200 OK in 9ms (Views: 7.8ms | ActiveRecord: 0.2ms | Allocations: 6996)


Started GET "/friends" for ::1 at 2021-10-06 18:35:31 +0530
Processing by FriendsController#index as HTML
  Rendering friends/index.html.erb within layouts/application
  [1m[36mUser Load (0.1ms)[0m  [1m[34mSELECT "users".* FROM "users" WHERE "users"."id" = ? ORDER BY "users"."id" ASC LIMIT ?[0m  [["id", 1], ["LIMIT", 1]]
  ↳ app/views/friends/index.html.erb:3
  [1m[36mFriend Load (0.1ms)[0m  [1m[34mSELECT "friends".* FROM "friends"[0m
  ↳ app/views/friends/index.html.erb:17
  [1m[36mUser Load (0.1ms)[0m  [1m[34mSELECT "users".* FROM "users" WHERE "users"."id" = ? LIMIT ?[0m  [["id", 1], ["LIMIT", 1]]
  ↳ app/views/friends/index.html.erb:18
  [1m[36mCACHE User Load (0.0ms)[0m  [1m[34mSELECT "users".* FROM "users" WHERE "users"."id" = ? LIMIT ?[0m  [["id", 1], ["LIMIT", 1]]
  ↳ app/views/friends/index.html.erb:18
  Rendered friends/index.html.erb within layouts/application (Duration: 5.3ms | Allocations: 3195)
[Webpacker] Everything's up-to-date. Nothing to do
  Rendered home/_header.html.erb (Duration: 0.1ms | Allocations: 199)
Completed 200 OK in 9ms (Views: 8.0ms | ActiveRecord: 0.3ms | Allocations: 6992)


Started GET "/friends" for ::1 at 2021-10-06 18:35:49 +0530
  [1m[35m (0.2ms)[0m  [1m[34mSELECT sqlite_version(*)[0m
  [1m[35m (0.1ms)[0m  [1m[34mSELECT "schema_migrations"."version" FROM "schema_migrations" ORDER BY "schema_migrations"."version" ASC[0m
Processing by FriendsController#index as HTML
  Rendering friends/index.html.erb within layouts/application
  [1m[36mUser Load (0.1ms)[0m  [1m[34mSELECT "users".* FROM "users" WHERE "users"."id" = ? ORDER BY "users"."id" ASC LIMIT ?[0m  [["id", 1], ["LIMIT", 1]]
  ↳ app/views/friends/index.html.erb:3
  [1m[36mFriend Load (0.1ms)[0m  [1m[34mSELECT "friends".* FROM "friends"[0m
  ↳ app/views/friends/index.html.erb:17
  [1m[36mUser Load (0.2ms)[0m  [1m[34mSELECT "users".* FROM "users" WHERE "users"."id" = ? LIMIT ?[0m  [["id", 1], ["LIMIT", 1]]
  ↳ app/views/friends/index.html.erb:18
  [1m[36mCACHE User Load (0.0ms)[0m  [1m[34mSELECT "users".* FROM "users" WHERE "users"."id" = ? LIMIT ?[0m  [["id", 1], ["LIMIT", 1]]
  ↳ app/views/friends/index.html.erb:18
  Rendered friends/index.html.erb within layouts/application (Duration: 15.6ms | Allocations: 17684)
[Webpacker] Everything's up-to-date. Nothing to do
  Rendered home/_header.html.erb (Duration: 0.4ms | Allocations: 566)
Completed 200 OK in 28ms (Views: 22.9ms | ActiveRecord: 0.9ms | Allocations: 29221)


Started GET "/home/about" for ::1 at 2021-10-06 18:35:51 +0530
Processing by HomeController#about as HTML
  Rendering home/about.html.erb within layouts/application
  Rendered home/about.html.erb within layouts/application (Duration: 0.4ms | Allocations: 146)
[Webpacker] Everything's up-to-date. Nothing to do
  [1m[36mUser Load (0.1ms)[0m  [1m[34mSELECT "users".* FROM "users" WHERE "users"."id" = ? ORDER BY "users"."id" ASC LIMIT ?[0m  [["id", 1], ["LIMIT", 1]]
  ↳ app/views/home/_header.html.erb:15
  Rendered home/_header.html.erb (Duration: 1.6ms | Allocations: 1325)
Completed 200 OK in 11ms (Views: 8.7ms | ActiveRecord: 0.1ms | Allocations: 6332)


Started GET "/" for ::1 at 2021-10-06 18:35:52 +0530
Processing by FriendsController#index as HTML
  Rendering friends/index.html.erb within layouts/application
  [1m[36mUser Load (0.1ms)[0m  [1m[34mSELECT "users".* FROM "users" WHERE "users"."id" = ? ORDER BY "users"."id" ASC LIMIT ?[0m  [["id", 1], ["LIMIT", 1]]
  ↳ app/views/friends/index.html.erb:3
  [1m[36mFriend Load (0.1ms)[0m  [1m[34mSELECT "friends".* FROM "friends"[0m
  ↳ app/views/friends/index.html.erb:17
  [1m[36mUser Load (0.0ms)[0m  [1m[34mSELECT "users".* FROM "users" WHERE "users"."id" = ? LIMIT ?[0m  [["id", 1], ["LIMIT", 1]]
  ↳ app/views/friends/index.html.erb:18
  [1m[36mCACHE User Load (0.0ms)[0m  [1m[34mSELECT "users".* FROM "users" WHERE "users"."id" = ? LIMIT ?[0m  [["id", 1], ["LIMIT", 1]]
  ↳ app/views/friends/index.html.erb:18
  Rendered friends/index.html.erb within layouts/application (Duration: 4.8ms | Allocations: 3243)
[Webpacker] Everything's up-to-date. Nothing to do
  Rendered home/_header.html.erb (Duration: 0.2ms | Allocations: 197)
Completed 200 OK in 9ms (Views: 7.9ms | ActiveRecord: 0.3ms | Allocations: 7106)


Started GET "/home/about" for ::1 at 2021-10-06 18:35:56 +0530
Processing by HomeController#about as HTML
  Rendering home/about.html.erb within layouts/application
  Rendered home/about.html.erb within layouts/application (Duration: 0.1ms | Allocations: 8)
[Webpacker] Everything's up-to-date. Nothing to do
  [1m[36mUser Load (0.1ms)[0m  [1m[34mSELECT "users".* FROM "users" WHERE "users"."id" = ? ORDER BY "users"."id" ASC LIMIT ?[0m  [["id", 1], ["LIMIT", 1]]
  ↳ app/views/home/_header.html.erb:15
  Rendered home/_header.html.erb (Duration: 2.2ms | Allocations: 1113)
Completed 200 OK in 7ms (Views: 6.5ms | ActiveRecord: 0.1ms | Allocations: 4716)


Started GET "/" for ::1 at 2021-10-06 18:35:58 +0530
Processing by FriendsController#index as HTML
  Rendering friends/index.html.erb within layouts/application
  [1m[36mUser Load (0.1ms)[0m  [1m[34mSELECT "users".* FROM "users" WHERE "users"."id" = ? ORDER BY "users"."id" ASC LIMIT ?[0m  [["id", 1], ["LIMIT", 1]]
  ↳ app/views/friends/index.html.erb:3
  [1m[36mFriend Load (0.2ms)[0m  [1m[34mSELECT "friends".* FROM "friends"[0m
  ↳ app/views/friends/index.html.erb:17
  [1m[36mUser Load (0.2ms)[0m  [1m[34mSELECT "users".* FROM "users" WHERE "users"."id" = ? LIMIT ?[0m  [["id", 1], ["LIMIT", 1]]
  ↳ app/views/friends/index.html.erb:18
  [1m[36mCACHE User Load (0.0ms)[0m  [1m[34mSELECT "users".* FROM "users" WHERE "users"."id" = ? LIMIT ?[0m  [["id", 1], ["LIMIT", 1]]
  ↳ app/views/friends/index.html.erb:18
  Rendered friends/index.html.erb within layouts/application (Duration: 8.3ms | Allocations: 3204)
[Webpacker] Everything's up-to-date. Nothing to do
  Rendered home/_header.html.erb (Duration: 0.2ms | Allocations: 197)
Completed 200 OK in 15ms (Views: 13.6ms | ActiveRecord: 0.5ms | Allocations: 6993)


Started GET "/" for ::1 at 2021-10-06 22:04:26 +0530
  [1m[35m (0.1ms)[0m  [1m[34mSELECT sqlite_version(*)[0m
Processing by FriendsController#index as HTML
  Rendering friends/index.html.erb within layouts/application
  [1m[36mUser Load (0.2ms)[0m  [1m[34mSELECT "users".* FROM "users" WHERE "users"."id" = ? ORDER BY "users"."id" ASC LIMIT ?[0m  [["id", 1], ["LIMIT", 1]]
  ↳ app/views/friends/index.html.erb:3
  [1m[36mFriend Load (0.1ms)[0m  [1m[34mSELECT "friends".* FROM "friends"[0m
  ↳ app/views/friends/index.html.erb:17
  [1m[36mUser Load (0.2ms)[0m  [1m[34mSELECT "users".* FROM "users" WHERE "users"."id" = ? LIMIT ?[0m  [["id", 1], ["LIMIT", 1]]
  ↳ app/views/friends/index.html.erb:18
  [1m[36mCACHE User Load (0.0ms)[0m  [1m[34mSELECT "users".* FROM "users" WHERE "users"."id" = ? LIMIT ?[0m  [["id", 1], ["LIMIT", 1]]
  ↳ app/views/friends/index.html.erb:18
  Rendered friends/index.html.erb within layouts/application (Duration: 13.8ms | Allocations: 3282)
[Webpacker] Everything's up-to-date. Nothing to do
  Rendered home/_header.html.erb (Duration: 0.1ms | Allocations: 197)
Completed 200 OK in 19ms (Views: 17.2ms | ActiveRecord: 0.5ms | Allocations: 7086)


Started GET "/" for ::1 at 2021-10-06 22:04:27 +0530
Processing by FriendsController#index as HTML
  Rendering friends/index.html.erb within layouts/application
  [1m[36mUser Load (0.1ms)[0m  [1m[34mSELECT "users".* FROM "users" WHERE "users"."id" = ? ORDER BY "users"."id" ASC LIMIT ?[0m  [["id", 1], ["LIMIT", 1]]
  ↳ app/views/friends/index.html.erb:3
  [1m[36mFriend Load (0.1ms)[0m  [1m[34mSELECT "friends".* FROM "friends"[0m
  ↳ app/views/friends/index.html.erb:17
  [1m[36mUser Load (0.0ms)[0m  [1m[34mSELECT "users".* FROM "users" WHERE "users"."id" = ? LIMIT ?[0m  [["id", 1], ["LIMIT", 1]]
  ↳ app/views/friends/index.html.erb:18
  [1m[36mCACHE User Load (0.0ms)[0m  [1m[34mSELECT "users".* FROM "users" WHERE "users"."id" = ? LIMIT ?[0m  [["id", 1], ["LIMIT", 1]]
  ↳ app/views/friends/index.html.erb:18
  Rendered friends/index.html.erb within layouts/application (Duration: 4.1ms | Allocations: 3196)
[Webpacker] Everything's up-to-date. Nothing to do
  Rendered home/_header.html.erb (Duration: 0.3ms | Allocations: 197)
Completed 200 OK in 9ms (Views: 8.2ms | ActiveRecord: 0.2ms | Allocations: 6991)


Started GET "/home/about" for ::1 at 2021-10-06 22:04:28 +0530
Processing by HomeController#about as HTML
  Rendering home/about.html.erb within layouts/application
  Rendered home/about.html.erb within layouts/application (Duration: 0.1ms | Allocations: 7)
[Webpacker] Everything's up-to-date. Nothing to do
  [1m[36mUser Load (0.2ms)[0m  [1m[34mSELECT "users".* FROM "users" WHERE "users"."id" = ? ORDER BY "users"."id" ASC LIMIT ?[0m  [["id", 1], ["LIMIT", 1]]
  ↳ app/views/home/_header.html.erb:15
  Rendered home/_header.html.erb (Duration: 2.3ms | Allocations: 1101)
Completed 200 OK in 11ms (Views: 9.8ms | ActiveRecord: 0.2ms | Allocations: 4693)


Started GET "/friends/new" for ::1 at 2021-10-06 22:04:30 +0530
Processing by FriendsController#new as HTML
  [1m[36mUser Load (0.1ms)[0m  [1m[34mSELECT "users".* FROM "users" WHERE "users"."id" = ? ORDER BY "users"."id" ASC LIMIT ?[0m  [["id", 1], ["LIMIT", 1]]
  Rendering friends/new.html.erb within layouts/application
  Rendered friends/_form.html.erb (Duration: 2.9ms | Allocations: 3753)
  Rendered friends/new.html.erb within layouts/application (Duration: 3.6ms | Allocations: 4149)
[Webpacker] Everything's up-to-date. Nothing to do
  Rendered home/_header.html.erb (Duration: 0.1ms | Allocations: 197)
Completed 200 OK in 21ms (Views: 6.7ms | ActiveRecord: 0.1ms | Allocations: 14969)


Started DELETE "/users/sign_out" for ::1 at 2021-10-06 22:04:31 +0530
Processing by Devise::SessionsController#destroy as HTML
  Parameters: {"authenticity_token"=>"QEZFChQ7ez3QkbXPISjH49I/Gwu+Cy/vOpYSjj0ftUB5ZjOkq1O5mb7vwrUx4AwdbJ4xAa3TOZ18wEAPRTgWHw=="}
  [1m[36mUser Load (0.1ms)[0m  [1m[34mSELECT "users".* FROM "users" WHERE "users"."id" = ? ORDER BY "users"."id" ASC LIMIT ?[0m  [["id", 1], ["LIMIT", 1]]
  [1m[35m (0.0ms)[0m  [1m[36mbegin transaction[0m
  [1m[36mUser Update (0.2ms)[0m  [1m[33mUPDATE "users" SET "remember_created_at" = ?, "updated_at" = ? WHERE "users"."id" = ?[0m  [["remember_created_at", nil], ["updated_at", "2021-10-06 16:34:31.021632"], ["id", 1]]
  [1m[35m (1.5ms)[0m  [1m[36mcommit transaction[0m
Redirected to http://localhost:3000/
Completed 302 Found in 7ms (ActiveRecord: 1.8ms | Allocations: 8307)


Started GET "/" for ::1 at 2021-10-06 22:04:31 +0530
Processing by FriendsController#index as HTML
  Rendering friends/index.html.erb within layouts/application
  Rendered friends/index.html.erb within layouts/application (Duration: 1.1ms | Allocations: 168)
[Webpacker] Everything's up-to-date. Nothing to do
  Rendered home/_header.html.erb (Duration: 0.2ms | Allocations: 185)
  Rendered layouts/_alerts.html.erb (Duration: 0.2ms | Allocations: 121)
Completed 200 OK in 5ms (Views: 4.9ms | ActiveRecord: 0.0ms | Allocations: 4529)


Started GET "/users/sign_in" for ::1 at 2021-10-06 22:04:33 +0530
Processing by Devise::SessionsController#new as HTML
  Rendering devise/sessions/new.html.erb within layouts/application
  Rendered devise/shared/_links.html.erb (Duration: 0.5ms | Allocations: 646)
  Rendered devise/sessions/new.html.erb within layouts/application (Duration: 3.3ms | Allocations: 3316)
[Webpacker] Everything's up-to-date. Nothing to do
  Rendered home/_header.html.erb (Duration: 0.2ms | Allocations: 217)
Completed 200 OK in 9ms (Views: 7.6ms | ActiveRecord: 0.0ms | Allocations: 9091)


Started POST "/users/sign_in" for ::1 at 2021-10-06 22:04:35 +0530
Processing by Devise::SessionsController#create as HTML
  Parameters: {"authenticity_token"=>"mTwXj71PpzgX/LtQE+Sn75MVp2S9IB5m99HdOpgtg0hWA1Aj+YO3F00EH5K3ZsXYhbcZpXOFCucoH9iNy2iB1g==", "user"=>{"email"=>"siddhant@gmail.com", "password"=>"[FILTERED]", "remember_me"=>"0"}, "commit"=>"Log in"}
  [1m[36mUser Load (0.2ms)[0m  [1m[34mSELECT "users".* FROM "users" WHERE "users"."email" = ? ORDER BY "users"."id" ASC LIMIT ?[0m  [["email", "siddhant@gmail.com"], ["LIMIT", 1]]
Redirected to http://localhost:3000/
Completed 302 Found in 205ms (ActiveRecord: 0.2ms | Allocations: 5573)


Started GET "/" for ::1 at 2021-10-06 22:04:35 +0530
Processing by FriendsController#index as HTML
  Rendering friends/index.html.erb within layouts/application
  [1m[36mUser Load (0.1ms)[0m  [1m[34mSELECT "users".* FROM "users" WHERE "users"."id" = ? ORDER BY "users"."id" ASC LIMIT ?[0m  [["id", 1], ["LIMIT", 1]]
  ↳ app/views/friends/index.html.erb:3
  [1m[36mFriend Load (0.0ms)[0m  [1m[34mSELECT "friends".* FROM "friends"[0m
  ↳ app/views/friends/index.html.erb:17
  [1m[36mUser Load (0.0ms)[0m  [1m[34mSELECT "users".* FROM "users" WHERE "users"."id" = ? LIMIT ?[0m  [["id", 1], ["LIMIT", 1]]
  ↳ app/views/friends/index.html.erb:18
  [1m[36mCACHE User Load (0.0ms)[0m  [1m[34mSELECT "users".* FROM "users" WHERE "users"."id" = ? LIMIT ?[0m  [["id", 1], ["LIMIT", 1]]
  ↳ app/views/friends/index.html.erb:18
  Rendered friends/index.html.erb within layouts/application (Duration: 3.1ms | Allocations: 3386)
[Webpacker] Everything's up-to-date. Nothing to do
  Rendered home/_header.html.erb (Duration: 0.2ms | Allocations: 198)
  Rendered layouts/_alerts.html.erb (Duration: 0.0ms | Allocations: 10)
Completed 200 OK in 7ms (Views: 6.4ms | ActiveRecord: 0.2ms | Allocations: 7482)


